Build started 6/6/2014 2:06:27 AM.
     1>Project "C:\Users\user\Documents\GitHub\RadChipReleaseBin\RadServ\CSE125\CSE125.vcxproj" on node 2 (Build target(s)).
     1>ClCompile:
         C:\Program Files (x86)\Microsoft Visual Studio 12.0\VC\bin\CL.exe /c /Iinclude/Qt /Iinclude /ZI /nologo /W3 /WX- /sdl /Od /Oy- /D WIN32 /D _DEBUG /D _CONSOLE /D _LIB /D _WIN32_WINNT=0x0501 /D _UNICODE /D UNICODE /Gm /EHsc /RTC1 /MDd /GS /fp:precise /Zc:wchar_t /Zc:forScope /Fo"Debug\\" /Fd"Debug\vc120.pdb" /Gd /TP /analyze- /errorReport:prompt billboard_list.cpp Boots.cpp ConfigSettings.cpp glslprogram.cpp glutils.cpp Helpers.cpp Item.cpp Mesh.cpp ogldev_util.cpp PlayerChar.cpp Projectile.cpp RangeWeapon.cpp ShaderController.cpp Texture.cpp VAO.cpp Weapon.cpp Window.cpp
         Window.cpp
     1>c:\users\user\documents\github\radchipreleasebin\radserv\cse125\include\boost\preprocessor\repetition\repeat.hpp(19): fatal error C1083: Cannot open include file: 'boost/preprocessor/debug/error.hpp': No such file or directory
         Weapon.cpp
         VAO.cpp
         Texture.cpp
         ShaderController.cpp
         RangeWeapon.cpp
         Projectile.cpp
         PlayerChar.cpp
         ogldev_util.cpp
         Mesh.cpp
         Item.cpp
         Helpers.cpp
     1>c:\users\user\documents\github\radchipreleasebin\radserv\cse125\include\boost\preprocessor\repetition\repeat.hpp(19): fatal error C1083: Cannot open include file: 'boost/preprocessor/debug/error.hpp': No such file or directory
         glutils.cpp
         glslprogram.cpp
         ConfigSettings.cpp
         Boots.cpp
         billboard_list.cpp
         Generating Code...
     1>Done Building Project "C:\Users\user\Documents\GitHub\RadChipReleaseBin\RadServ\CSE125\CSE125.vcxproj" (Build target(s)) -- FAILED.

Build FAILED.

Time Elapsed 00:00:11.84
